{"/Users/viiv/Desktop/ViivWorkspace/webpack/nodejs/testing/src/math.js":{"path":"/Users/viiv/Desktop/ViivWorkspace/webpack/nodejs/testing/src/math.js","s":{"1":1,"2":1,"3":1,"4":1,"5":2,"6":2,"7":1,"8":1,"9":3,"10":1,"11":2,"12":1,"13":1},"b":{"1":[1,2],"2":[1,1]},"f":{"1":1},"fnMap":{"1":{"name":"min","line":1,"loc":{"start":{"line":1,"column":0},"end":{"line":1,"column":20}}}},"statementMap":{"1":{"start":{"line":1,"column":0},"end":{"line":4,"column":1}},"2":{"start":{"line":2,"column":4},"end":{"line":2,"column":15}},"3":{"start":{"line":3,"column":4},"end":{"line":3,"column":23}},"4":{"start":{"line":5,"column":0},"end":{"line":21,"column":1}},"5":{"start":{"line":7,"column":8},"end":{"line":7,"column":55}},"6":{"start":{"line":7,"column":43},"end":{"line":7,"column":54}},"7":{"start":{"line":10,"column":8},"end":{"line":10,"column":55}},"8":{"start":{"line":10,"column":43},"end":{"line":10,"column":54}},"9":{"start":{"line":13,"column":8},"end":{"line":19,"column":9}},"10":{"start":{"line":14,"column":12},"end":{"line":14,"column":25}},"11":{"start":{"line":15,"column":15},"end":{"line":19,"column":9}},"12":{"start":{"line":16,"column":12},"end":{"line":16,"column":25}},"13":{"start":{"line":18,"column":12},"end":{"line":18,"column":28}}},"branchMap":{"1":{"line":13,"type":"if","locations":[{"start":{"line":13,"column":8},"end":{"line":13,"column":8}},{"start":{"line":13,"column":8},"end":{"line":13,"column":8}}]},"2":{"line":15,"type":"if","locations":[{"start":{"line":15,"column":15},"end":{"line":15,"column":15}},{"start":{"line":15,"column":15},"end":{"line":15,"column":15}}]}}}}